<?xml version="1.0" encoding="UTF-8"?>
<!-- Generated by org.testng.reporters.JUnitXMLReporter -->
<testsuite ignored="0" hostname="AJ" failures="0" tests="6" name="Default test" time="142.893" errors="0" timestamp="2021-09-04T17:54:07 AEST">
  <testcase classname="com.planitautomation.contact.test.Contact" name="verify_Contact_Error_Validation" time="16.654"/>
  <testcase classname="com.planitautomation.contact.test.Contact" name="verify_Contact_Success_Validation" time="1.768"/>
  <testcase classname="com.planitautomation.contact.test.Contact" name="verify_Contact_Success_Validation" time="15.486"/>
  <testcase classname="com.planitautomation.contact.test.Contact" name="verify_Contact_Success_Validation" time="12.766"/>
  <testcase classname="com.planitautomation.contact.test.Contact" name="verify_Contact_Success_Validation" time="1.854"/>
  <testcase classname="com.planitautomation.contact.test.Contact" name="verify_Contact_Success_Validation" time="1.845"/>
</testsuite> <!-- Default test -->
