<?xml version="1.0" encoding="UTF-8"?>
<!-- Generated by org.testng.reporters.JUnitXMLReporter -->
<testsuite ignored="2" hostname="AJ" failures="0" tests="4" name="GRP-regression" time="38.295" errors="0" timestamp="2021-09-05T10:03:02 AEST">
  <testcase classname="com.planitautomation.cart.test.Cart" name="verify_Items_In_Cart" time="1.566"/>
  <testcase classname="com.planitautomation.cart.test.Cart" name="Validate_Total_In_Cart_Page" time="3.474"/>
  <testcase classname="com.planitautomation.contact.test.Contact" name="validate_Contact_Error_Messages" time="6.257"/>
  <testcase classname="com.planitautomation.contact.test.Contact" name="verify_Contact_Success" time="3.355"/>
  <testcase classname="com.planitautomation.common.Planit_Base" name="@BeforeSuite initTestSuite" time="0.0">
    <ignored/>
  </testcase> <!-- @BeforeSuite initTestSuite -->
  <testcase classname="com.planitautomation.common.Planit_Base" name="@AfterSuite tearDown" time="0.0">
    <ignored/>
  </testcase> <!-- @AfterSuite tearDown -->
</testsuite> <!-- GRP-regression -->
